{"C:\\Users\\YouCode\\Desktop\\AlloMedia-API\\controllers\\authController.js": {"path":"C:\\Users\\YouCode\\Desktop\\AlloMedia-API\\controllers\\authController.js","statementMap":{"0":{"start":{"line":1,"column":18},"end":{"line":1,"column":48}},"1":{"start":{"line":2,"column":13},"end":{"line":2,"column":43}},"2":{"start":{"line":3,"column":17},"end":{"line":3,"column":36}},"3":{"start":{"line":4,"column":23},"end":{"line":4,"column":54}},"4":{"start":{"line":5,"column":24},"end":{"line":5,"column":59}},"5":{"start":{"line":6,"column":21},"end":{"line":6,"column":57}},"6":{"start":{"line":7,"column":34},"end":{"line":7,"column":81}},"7":{"start":{"line":8,"column":12},"end":{"line":8,"column":35}},"8":{"start":{"line":9,"column":0},"end":{"line":9,"column":27}},"9":{"start":{"line":79,"column":22},"end":{"line":79,"column":62}},"10":{"start":{"line":80,"column":4},"end":{"line":82,"column":5}},"11":{"start":{"line":81,"column":8},"end":{"line":81,"column":73}},"12":{"start":{"line":84,"column":24},"end":{"line":84,"column":74}},"13":{"start":{"line":85,"column":4},"end":{"line":87,"column":5}},"14":{"start":{"line":86,"column":8},"end":{"line":86,"column":71}},"15":{"start":{"line":89,"column":20},"end":{"line":89,"column":46}},"16":{"start":{"line":90,"column":27},"end":{"line":90,"column":74}},"17":{"start":{"line":92,"column":20},"end":{"line":97,"column":6}},"18":{"start":{"line":98,"column":4},"end":{"line":142,"column":5}},"19":{"start":{"line":99,"column":25},"end":{"line":99,"column":45}},"20":{"start":{"line":100,"column":23},"end":{"line":100,"column":43}},"21":{"start":{"line":101,"column":8},"end":{"line":101,"column":33}},"22":{"start":{"line":103,"column":22},"end":{"line":103,"column":95}},"23":{"start":{"line":104,"column":23},"end":{"line":133,"column":13}},"24":{"start":{"line":134,"column":8},"end":{"line":134,"column":33}},"25":{"start":{"line":136,"column":8},"end":{"line":139,"column":11}},"26":{"start":{"line":141,"column":8},"end":{"line":141,"column":41}},"27":{"start":{"line":147,"column":18},"end":{"line":147,"column":34}},"28":{"start":{"line":148,"column":4},"end":{"line":148,"column":75}},"29":{"start":{"line":148,"column":15},"end":{"line":148,"column":75}},"30":{"start":{"line":149,"column":25},"end":{"line":149,"column":44}},"31":{"start":{"line":151,"column":4},"end":{"line":153,"column":5}},"32":{"start":{"line":152,"column":8},"end":{"line":152,"column":67}},"33":{"start":{"line":155,"column":15},"end":{"line":155,"column":36}},"34":{"start":{"line":157,"column":4},"end":{"line":163,"column":5}},"35":{"start":{"line":158,"column":12},"end":{"line":158,"column":69}},"36":{"start":{"line":159,"column":8},"end":{"line":159,"column":69}},"37":{"start":{"line":161,"column":8},"end":{"line":161,"column":23}},"38":{"start":{"line":162,"column":8},"end":{"line":162,"column":62}},"39":{"start":{"line":168,"column":20},"end":{"line":168,"column":57}},"40":{"start":{"line":169,"column":4},"end":{"line":171,"column":5}},"41":{"start":{"line":170,"column":8},"end":{"line":170,"column":73}},"42":{"start":{"line":173,"column":17},"end":{"line":173,"column":84}},"43":{"start":{"line":176,"column":4},"end":{"line":178,"column":5}},"44":{"start":{"line":177,"column":8},"end":{"line":177,"column":74}},"45":{"start":{"line":180,"column":22},"end":{"line":180,"column":78}},"46":{"start":{"line":181,"column":4},"end":{"line":183,"column":5}},"47":{"start":{"line":182,"column":8},"end":{"line":182,"column":67}},"48":{"start":{"line":185,"column":4},"end":{"line":187,"column":5}},"49":{"start":{"line":186,"column":8},"end":{"line":186,"column":75}},"50":{"start":{"line":189,"column":18},"end":{"line":189,"column":68}},"51":{"start":{"line":191,"column":4},"end":{"line":191,"column":55}},"52":{"start":{"line":193,"column":4},"end":{"line":193,"column":45}},"53":{"start":{"line":198,"column":4},"end":{"line":198,"column":33}},"54":{"start":{"line":199,"column":4},"end":{"line":199,"column":61}},"55":{"start":{"line":203,"column":20},"end":{"line":203,"column":69}},"56":{"start":{"line":204,"column":4},"end":{"line":204,"column":80}},"57":{"start":{"line":204,"column":15},"end":{"line":204,"column":80}},"58":{"start":{"line":206,"column":17},"end":{"line":206,"column":84}},"59":{"start":{"line":207,"column":4},"end":{"line":207,"column":81}},"60":{"start":{"line":207,"column":15},"end":{"line":207,"column":81}},"61":{"start":{"line":209,"column":4},"end":{"line":253,"column":5}},"62":{"start":{"line":210,"column":22},"end":{"line":215,"column":9}},"63":{"start":{"line":217,"column":22},"end":{"line":217,"column":93}},"64":{"start":{"line":218,"column":23},"end":{"line":246,"column":9}},"65":{"start":{"line":247,"column":8},"end":{"line":247,"column":33}},"66":{"start":{"line":249,"column":8},"end":{"line":249,"column":81}},"67":{"start":{"line":251,"column":8},"end":{"line":251,"column":23}},"68":{"start":{"line":252,"column":8},"end":{"line":252,"column":64}},"69":{"start":{"line":258,"column":17},"end":{"line":258,"column":25}},"70":{"start":{"line":259,"column":22},"end":{"line":259,"column":74}},"71":{"start":{"line":261,"column":4},"end":{"line":263,"column":5}},"72":{"start":{"line":262,"column":8},"end":{"line":262,"column":73}},"73":{"start":{"line":265,"column":4},"end":{"line":276,"column":5}},"74":{"start":{"line":266,"column":24},"end":{"line":266,"column":50}},"75":{"start":{"line":267,"column":32},"end":{"line":267,"column":79}},"76":{"start":{"line":269,"column":8},"end":{"line":272,"column":10}},"77":{"start":{"line":274,"column":8},"end":{"line":274,"column":23}},"78":{"start":{"line":275,"column":8},"end":{"line":275,"column":71}},"79":{"start":{"line":278,"column":4},"end":{"line":278,"column":64}},"80":{"start":{"line":282,"column":0},"end":{"line":289,"column":1}}},"fnMap":{"0":{"name":"register","decl":{"start":{"line":78,"column":15},"end":{"line":78,"column":23}},"loc":{"start":{"line":78,"column":34},"end":{"line":143,"column":1}},"line":78},"1":{"name":"verifyEmail","decl":{"start":{"line":146,"column":15},"end":{"line":146,"column":26}},"loc":{"start":{"line":146,"column":38},"end":{"line":165,"column":1}},"line":146},"2":{"name":"login","decl":{"start":{"line":167,"column":15},"end":{"line":167,"column":20}},"loc":{"start":{"line":167,"column":30},"end":{"line":195,"column":1}},"line":167},"3":{"name":"logout","decl":{"start":{"line":197,"column":9},"end":{"line":197,"column":15}},"loc":{"start":{"line":197,"column":25},"end":{"line":200,"column":1}},"line":197},"4":{"name":"forgotPassword","decl":{"start":{"line":202,"column":15},"end":{"line":202,"column":29}},"loc":{"start":{"line":202,"column":39},"end":{"line":254,"column":1}},"line":202},"5":{"name":"resetPassword","decl":{"start":{"line":256,"column":15},"end":{"line":256,"column":28}},"loc":{"start":{"line":256,"column":38},"end":{"line":279,"column":1}},"line":256}},"branchMap":{"0":{"loc":{"start":{"line":80,"column":4},"end":{"line":82,"column":5}},"type":"if","locations":[{"start":{"line":80,"column":4},"end":{"line":82,"column":5}},{"start":{},"end":{}}],"line":80},"1":{"loc":{"start":{"line":85,"column":4},"end":{"line":87,"column":5}},"type":"if","locations":[{"start":{"line":85,"column":4},"end":{"line":87,"column":5}},{"start":{},"end":{}}],"line":85},"2":{"loc":{"start":{"line":148,"column":4},"end":{"line":148,"column":75}},"type":"if","locations":[{"start":{"line":148,"column":4},"end":{"line":148,"column":75}},{"start":{},"end":{}}],"line":148},"3":{"loc":{"start":{"line":151,"column":4},"end":{"line":153,"column":5}},"type":"if","locations":[{"start":{"line":151,"column":4},"end":{"line":153,"column":5}},{"start":{},"end":{}}],"line":151},"4":{"loc":{"start":{"line":169,"column":4},"end":{"line":171,"column":5}},"type":"if","locations":[{"start":{"line":169,"column":4},"end":{"line":171,"column":5}},{"start":{},"end":{}}],"line":169},"5":{"loc":{"start":{"line":176,"column":4},"end":{"line":178,"column":5}},"type":"if","locations":[{"start":{"line":176,"column":4},"end":{"line":178,"column":5}},{"start":{},"end":{}}],"line":176},"6":{"loc":{"start":{"line":181,"column":4},"end":{"line":183,"column":5}},"type":"if","locations":[{"start":{"line":181,"column":4},"end":{"line":183,"column":5}},{"start":{},"end":{}}],"line":181},"7":{"loc":{"start":{"line":185,"column":4},"end":{"line":187,"column":5}},"type":"if","locations":[{"start":{"line":185,"column":4},"end":{"line":187,"column":5}},{"start":{},"end":{}}],"line":185},"8":{"loc":{"start":{"line":204,"column":4},"end":{"line":204,"column":80}},"type":"if","locations":[{"start":{"line":204,"column":4},"end":{"line":204,"column":80}},{"start":{},"end":{}}],"line":204},"9":{"loc":{"start":{"line":207,"column":4},"end":{"line":207,"column":81}},"type":"if","locations":[{"start":{"line":207,"column":4},"end":{"line":207,"column":81}},{"start":{},"end":{}}],"line":207},"10":{"loc":{"start":{"line":261,"column":4},"end":{"line":263,"column":5}},"type":"if","locations":[{"start":{"line":261,"column":4},"end":{"line":263,"column":5}},{"start":{},"end":{}}],"line":261}},"s":{"0":1,"1":1,"2":1,"3":1,"4":1,"5":1,"6":1,"7":1,"8":1,"9":3,"10":3,"11":1,"12":2,"13":2,"14":1,"15":1,"16":1,"17":1,"18":1,"19":1,"20":1,"21":1,"22":1,"23":1,"24":1,"25":1,"26":0,"27":0,"28":0,"29":0,"30":0,"31":0,"32":0,"33":0,"34":0,"35":0,"36":0,"37":0,"38":0,"39":0,"40":0,"41":0,"42":0,"43":0,"44":0,"45":0,"46":0,"47":0,"48":0,"49":0,"50":0,"51":0,"52":0,"53":0,"54":0,"55":0,"56":0,"57":0,"58":0,"59":0,"60":0,"61":0,"62":0,"63":0,"64":0,"65":0,"66":0,"67":0,"68":0,"69":0,"70":0,"71":0,"72":0,"73":0,"74":0,"75":0,"76":0,"77":0,"78":0,"79":0,"80":1},"f":{"0":3,"1":0,"2":0,"3":0,"4":0,"5":0},"b":{"0":[1,2],"1":[1,1],"2":[0,0],"3":[0,0],"4":[0,0],"5":[0,0],"6":[0,0],"7":[0,0],"8":[0,0],"9":[0,0],"10":[0,0]},"_coverageSchema":"1a1c01bbd47fc00a2c39e90264f33305004495a9","hash":"c3e0d4ec79b502309a8c4d95071f54c1bc66d8a3"}
,"C:\\Users\\YouCode\\Desktop\\AlloMedia-API\\mailer\\mailToUser.js": {"path":"C:\\Users\\YouCode\\Desktop\\AlloMedia-API\\mailer\\mailToUser.js","statementMap":{"0":{"start":{"line":1,"column":0},"end":{"line":1,"column":27}},"1":{"start":{"line":3,"column":19},"end":{"line":3,"column":40}},"2":{"start":{"line":6,"column":4},"end":{"line":22,"column":5}},"3":{"start":{"line":7,"column":28},"end":{"line":14,"column":10}},"4":{"start":{"line":16,"column":22},"end":{"line":16,"column":58}},"5":{"start":{"line":17,"column":8},"end":{"line":17,"column":59}},"6":{"start":{"line":20,"column":8},"end":{"line":20,"column":27}},"7":{"start":{"line":21,"column":8},"end":{"line":21,"column":21}},"8":{"start":{"line":25,"column":0},"end":{"line":25,"column":32}}},"fnMap":{"0":{"name":"sendMailToUser","decl":{"start":{"line":5,"column":15},"end":{"line":5,"column":29}},"loc":{"start":{"line":5,"column":39},"end":{"line":23,"column":1}},"line":5}},"branchMap":{},"s":{"0":1,"1":1,"2":0,"3":0,"4":0,"5":0,"6":0,"7":0,"8":1},"f":{"0":0},"b":{},"_coverageSchema":"1a1c01bbd47fc00a2c39e90264f33305004495a9","hash":"78dd9d4c9a6e3812014fa9643710dd3867651b0e"}
,"C:\\Users\\YouCode\\Desktop\\AlloMedia-API\\models\\roleModel.js": {"path":"C:\\Users\\YouCode\\Desktop\\AlloMedia-API\\models\\roleModel.js","statementMap":{"0":{"start":{"line":1,"column":17},"end":{"line":1,"column":36}},"1":{"start":{"line":3,"column":19},"end":{"line":8,"column":2}},"2":{"start":{"line":9,"column":0},"end":{"line":9,"column":52}}},"fnMap":{},"branchMap":{},"s":{"0":2,"1":2,"2":2},"f":{},"b":{},"_coverageSchema":"1a1c01bbd47fc00a2c39e90264f33305004495a9","hash":"5dba9b777ac08155c3aa4d8951c94cb01239de1a"}
,"C:\\Users\\YouCode\\Desktop\\AlloMedia-API\\models\\userModel.js": {"path":"C:\\Users\\YouCode\\Desktop\\AlloMedia-API\\models\\userModel.js","statementMap":{"0":{"start":{"line":1,"column":13},"end":{"line":1,"column":35}},"1":{"start":{"line":2,"column":17},"end":{"line":2,"column":36}},"2":{"start":{"line":4,"column":20},"end":{"line":39,"column":2}},"3":{"start":{"line":33,"column":29},"end":{"line":33,"column":51}},"4":{"start":{"line":34,"column":16},"end":{"line":34,"column":36}},"5":{"start":{"line":41,"column":19},"end":{"line":41,"column":54}},"6":{"start":{"line":44,"column":0},"end":{"line":44,"column":28}}},"fnMap":{"0":{"name":"(anonymous_0)","decl":{"start":{"line":32,"column":23},"end":{"line":32,"column":24}},"loc":{"start":{"line":32,"column":42},"end":{"line":35,"column":13}},"line":32}},"branchMap":{},"s":{"0":1,"1":1,"2":1,"3":0,"4":0,"5":1,"6":1},"f":{"0":0},"b":{},"_coverageSchema":"1a1c01bbd47fc00a2c39e90264f33305004495a9","hash":"3b5e76325cad16a87a2d9815e70fcb38a03157d9"}
,"C:\\Users\\YouCode\\Desktop\\AlloMedia-API\\requests\\auth.request.js": {"path":"C:\\Users\\YouCode\\Desktop\\AlloMedia-API\\requests\\auth.request.js","statementMap":{"0":{"start":{"line":1,"column":12},"end":{"line":1,"column":26}},"1":{"start":{"line":4,"column":21},"end":{"line":9,"column":6}},"2":{"start":{"line":10,"column":4},"end":{"line":10,"column":38}},"3":{"start":{"line":14,"column":18},"end":{"line":17,"column":6}},"4":{"start":{"line":18,"column":4},"end":{"line":18,"column":35}},"5":{"start":{"line":22,"column":0},"end":{"line":25,"column":2}}},"fnMap":{"0":{"name":"RegisterValidation","decl":{"start":{"line":3,"column":9},"end":{"line":3,"column":27}},"loc":{"start":{"line":3,"column":36},"end":{"line":11,"column":1}},"line":3},"1":{"name":"LoginValidation","decl":{"start":{"line":13,"column":9},"end":{"line":13,"column":24}},"loc":{"start":{"line":13,"column":33},"end":{"line":19,"column":1}},"line":13}},"branchMap":{},"s":{"0":1,"1":0,"2":0,"3":0,"4":0,"5":1},"f":{"0":0,"1":0},"b":{},"_coverageSchema":"1a1c01bbd47fc00a2c39e90264f33305004495a9","hash":"642382837162841177c08ff535ffb6a716a8d22d"}
,"C:\\Users\\YouCode\\Desktop\\AlloMedia-API\\requests\\emailAndPassword.request.js": {"path":"C:\\Users\\YouCode\\Desktop\\AlloMedia-API\\requests\\emailAndPassword.request.js","statementMap":{"0":{"start":{"line":1,"column":12},"end":{"line":1,"column":26}},"1":{"start":{"line":4,"column":18},"end":{"line":6,"column":6}},"2":{"start":{"line":7,"column":4},"end":{"line":7,"column":35}},"3":{"start":{"line":11,"column":21},"end":{"line":16,"column":6}},"4":{"start":{"line":17,"column":4},"end":{"line":17,"column":38}},"5":{"start":{"line":20,"column":0},"end":{"line":23,"column":2}}},"fnMap":{"0":{"name":"EmailValidation","decl":{"start":{"line":3,"column":9},"end":{"line":3,"column":24}},"loc":{"start":{"line":3,"column":33},"end":{"line":8,"column":1}},"line":3},"1":{"name":"PasswordValidation","decl":{"start":{"line":10,"column":9},"end":{"line":10,"column":27}},"loc":{"start":{"line":10,"column":36},"end":{"line":18,"column":1}},"line":10}},"branchMap":{},"s":{"0":1,"1":0,"2":0,"3":0,"4":0,"5":1},"f":{"0":0,"1":0},"b":{},"_coverageSchema":"1a1c01bbd47fc00a2c39e90264f33305004495a9","hash":"99b424629dbadaedf2bc7b513b4d325223215517"}
,"C:\\Users\\YouCode\\Desktop\\AlloMedia-API\\requests\\token.request.js": {"path":"C:\\Users\\YouCode\\Desktop\\AlloMedia-API\\requests\\token.request.js","statementMap":{"0":{"start":{"line":1,"column":0},"end":{"line":1,"column":27}},"1":{"start":{"line":2,"column":12},"end":{"line":2,"column":35}},"2":{"start":{"line":5,"column":4},"end":{"line":11,"column":5}},"3":{"start":{"line":6,"column":26},"end":{"line":6,"column":76}},"4":{"start":{"line":7,"column":19},"end":{"line":7,"column":74}},"5":{"start":{"line":8,"column":8},"end":{"line":8,"column":20}},"6":{"start":{"line":10,"column":8},"end":{"line":10,"column":44}},"7":{"start":{"line":14,"column":0},"end":{"line":14,"column":30}}},"fnMap":{"0":{"name":"tokenRequest","decl":{"start":{"line":4,"column":9},"end":{"line":4,"column":21}},"loc":{"start":{"line":4,"column":29},"end":{"line":12,"column":1}},"line":4}},"branchMap":{},"s":{"0":1,"1":1,"2":0,"3":0,"4":0,"5":0,"6":0,"7":1},"f":{"0":0},"b":{},"_coverageSchema":"1a1c01bbd47fc00a2c39e90264f33305004495a9","hash":"795b53df6c1c3ffe5b766937de9195bb932554c5"}
}
