TN:
SF:controllers\authController.js
FN:78,register
FN:146,verifyEmail
FN:167,login
FN:197,logout
FN:202,forgotPassword
FN:256,resetPassword
FNF:6
FNH:1
FNDA:3,register
FNDA:0,verifyEmail
FNDA:0,login
FNDA:0,logout
FNDA:0,forgotPassword
FNDA:0,resetPassword
DA:1,1
DA:2,1
DA:3,1
DA:4,1
DA:5,1
DA:6,1
DA:7,1
DA:8,1
DA:9,1
DA:79,3
DA:80,3
DA:81,1
DA:84,2
DA:85,2
DA:86,1
DA:89,1
DA:90,1
DA:92,1
DA:98,1
DA:99,1
DA:100,1
DA:101,1
DA:103,1
DA:104,1
DA:134,1
DA:136,1
DA:141,0
DA:147,0
DA:148,0
DA:149,0
DA:151,0
DA:152,0
DA:155,0
DA:157,0
DA:158,0
DA:159,0
DA:161,0
DA:162,0
DA:168,0
DA:169,0
DA:170,0
DA:173,0
DA:176,0
DA:177,0
DA:180,0
DA:181,0
DA:182,0
DA:185,0
DA:186,0
DA:189,0
DA:191,0
DA:193,0
DA:198,0
DA:199,0
DA:203,0
DA:204,0
DA:206,0
DA:207,0
DA:209,0
DA:210,0
DA:217,0
DA:218,0
DA:247,0
DA:249,0
DA:251,0
DA:252,0
DA:258,0
DA:259,0
DA:261,0
DA:262,0
DA:265,0
DA:266,0
DA:267,0
DA:269,0
DA:274,0
DA:275,0
DA:278,0
DA:282,1
LF:78
LH:27
BRDA:80,0,0,1
BRDA:80,0,1,2
BRDA:85,1,0,1
BRDA:85,1,1,1
BRDA:148,2,0,0
BRDA:148,2,1,0
BRDA:151,3,0,0
BRDA:151,3,1,0
BRDA:169,4,0,0
BRDA:169,4,1,0
BRDA:176,5,0,0
BRDA:176,5,1,0
BRDA:181,6,0,0
BRDA:181,6,1,0
BRDA:185,7,0,0
BRDA:185,7,1,0
BRDA:204,8,0,0
BRDA:204,8,1,0
BRDA:207,9,0,0
BRDA:207,9,1,0
BRDA:261,10,0,0
BRDA:261,10,1,0
BRF:22
BRH:4
end_of_record
TN:
SF:mailer\mailToUser.js
FN:5,sendMailToUser
FNF:1
FNH:0
FNDA:0,sendMailToUser
DA:1,1
DA:3,1
DA:6,0
DA:7,0
DA:16,0
DA:17,0
DA:20,0
DA:21,0
DA:25,1
LF:9
LH:3
BRF:0
BRH:0
end_of_record
TN:
SF:models\roleModel.js
FNF:0
FNH:0
DA:1,2
DA:3,2
DA:9,2
LF:3
LH:3
BRF:0
BRH:0
end_of_record
TN:
SF:models\userModel.js
FN:32,(anonymous_0)
FNF:1
FNH:0
FNDA:0,(anonymous_0)
DA:1,1
DA:2,1
DA:4,1
DA:33,0
DA:34,0
DA:41,1
DA:44,1
LF:7
LH:5
BRF:0
BRH:0
end_of_record
TN:
SF:requests\auth.request.js
FN:3,RegisterValidation
FN:13,LoginValidation
FNF:2
FNH:0
FNDA:0,RegisterValidation
FNDA:0,LoginValidation
DA:1,1
DA:4,0
DA:10,0
DA:14,0
DA:18,0
DA:22,1
LF:6
LH:2
BRF:0
BRH:0
end_of_record
TN:
SF:requests\emailAndPassword.request.js
FN:3,EmailValidation
FN:10,PasswordValidation
FNF:2
FNH:0
FNDA:0,EmailValidation
FNDA:0,PasswordValidation
DA:1,1
DA:4,0
DA:7,0
DA:11,0
DA:17,0
DA:20,1
LF:6
LH:2
BRF:0
BRH:0
end_of_record
TN:
SF:requests\token.request.js
FN:4,tokenRequest
FNF:1
FNH:0
FNDA:0,tokenRequest
DA:1,1
DA:2,1
DA:5,0
DA:6,0
DA:7,0
DA:8,0
DA:10,0
DA:14,1
LF:8
LH:3
BRF:0
BRH:0
end_of_record
